<?xml version="1.0" encoding="UTF-8"?>
<!-- Generated by org.testng.reporters.JUnitReportReporter -->
<testsuite hostname="LAPTOP-570PAFEV" failures="0" tests="2" name="Project.Flipkart.TestCaseFlipkart" time="44.223" errors="0" timestamp="2023-06-09T22:57:17 IST" skipped="0">
  <testcase classname="Project.Flipkart.TestCaseFlipkart" name="Scenario" time="22.280"/>
  <system-out/>
  <testcase classname="Project.Flipkart.TestCaseFlipkart" name="Scenario" time="21.943"/>
  <system-out/>
</testsuite> <!-- Project.Flipkart.TestCaseFlipkart -->
